Determining if the pthread_create exist failed with the following output:
Change Dir: /home/cs18/Graphics/hw8/build/CMakeFiles/CMakeTmp

Run Build Command:"/usr/bin/make" "cmTC_c8bc9/fast"
/usr/bin/make -f CMakeFiles/cmTC_c8bc9.dir/build.make CMakeFiles/cmTC_c8bc9.dir/build
make[1]: Entering directory '/home/cs18/Graphics/hw8/build/CMakeFiles/CMakeTmp'
Building C object CMakeFiles/cmTC_c8bc9.dir/CheckSymbolExists.c.o
/usr/bin/cc    -o CMakeFiles/cmTC_c8bc9.dir/CheckSymbolExists.c.o   -c /home/cs18/Graphics/hw8/build/CMakeFiles/CMakeTmp/CheckSymbolExists.c
Linking C executable cmTC_c8bc9
/usr/bin/cmake -E cmake_link_script CMakeFiles/cmTC_c8bc9.dir/link.txt --verbose=1
/usr/bin/cc      -rdynamic CMakeFiles/cmTC_c8bc9.dir/CheckSymbolExists.c.o  -o cmTC_c8bc9 
CMakeFiles/cmTC_c8bc9.dir/CheckSymbolExists.c.o: In function `main':
CheckSymbolExists.c:(.text+0x1b): undefined reference to `pthread_create'
collect2: error: ld returned 1 exit status
CMakeFiles/cmTC_c8bc9.dir/build.make:97: recipe for target 'cmTC_c8bc9' failed
make[1]: *** [cmTC_c8bc9] Error 1
make[1]: Leaving directory '/home/cs18/Graphics/hw8/build/CMakeFiles/CMakeTmp'
Makefile:126: recipe for target 'cmTC_c8bc9/fast' failed
make: *** [cmTC_c8bc9/fast] Error 2

File /home/cs18/Graphics/hw8/build/CMakeFiles/CMakeTmp/CheckSymbolExists.c:
/* */
#include <pthread.h>

int main(int argc, char** argv)
{
  (void)argv;
#ifndef pthread_create
  return ((int*)(&pthread_create))[argc];
#else
  (void)argc;
  return 0;
#endif
}

Determining if the function pthread_create exists in the pthreads failed with the following output:
Change Dir: /home/cs18/Graphics/hw8/build/CMakeFiles/CMakeTmp

Run Build Command:"/usr/bin/make" "cmTC_d4dda/fast"
/usr/bin/make -f CMakeFiles/cmTC_d4dda.dir/build.make CMakeFiles/cmTC_d4dda.dir/build
make[1]: Entering directory '/home/cs18/Graphics/hw8/build/CMakeFiles/CMakeTmp'
Building C object CMakeFiles/cmTC_d4dda.dir/CheckFunctionExists.c.o
/usr/bin/cc   -DCHECK_FUNCTION_EXISTS=pthread_create   -o CMakeFiles/cmTC_d4dda.dir/CheckFunctionExists.c.o   -c /usr/share/cmake-3.10/Modules/CheckFunctionExists.c
Linking C executable cmTC_d4dda
/usr/bin/cmake -E cmake_link_script CMakeFiles/cmTC_d4dda.dir/link.txt --verbose=1
/usr/bin/cc  -DCHECK_FUNCTION_EXISTS=pthread_create    -rdynamic CMakeFiles/cmTC_d4dda.dir/CheckFunctionExists.c.o  -o cmTC_d4dda -lpthreads 
/usr/bin/ld: cannot find -lpthreads
collect2: error: ld returned 1 exit status
CMakeFiles/cmTC_d4dda.dir/build.make:97: recipe for target 'cmTC_d4dda' failed
make[1]: *** [cmTC_d4dda] Error 1
make[1]: Leaving directory '/home/cs18/Graphics/hw8/build/CMakeFiles/CMakeTmp'
Makefile:126: recipe for target 'cmTC_d4dda/fast' failed
make: *** [cmTC_d4dda/fast] Error 2


Determining if the function glXGetProcAddressEXT exists failed with the following output:
Change Dir: /home/cs18/Graphics/hw8/build/CMakeFiles/CMakeTmp

Run Build Command:"/usr/bin/make" "cmTC_fd4e7/fast"
/usr/bin/make -f CMakeFiles/cmTC_fd4e7.dir/build.make CMakeFiles/cmTC_fd4e7.dir/build
make[1]: Entering directory '/home/cs18/Graphics/hw8/build/CMakeFiles/CMakeTmp'
Building C object CMakeFiles/cmTC_fd4e7.dir/CheckFunctionExists.c.o
/usr/bin/cc   -DCHECK_FUNCTION_EXISTS=glXGetProcAddressEXT   -o CMakeFiles/cmTC_fd4e7.dir/CheckFunctionExists.c.o   -c /usr/share/cmake-3.10/Modules/CheckFunctionExists.c
Linking C executable cmTC_fd4e7
/usr/bin/cmake -E cmake_link_script CMakeFiles/cmTC_fd4e7.dir/link.txt --verbose=1
/usr/bin/cc  -DCHECK_FUNCTION_EXISTS=glXGetProcAddressEXT    -rdynamic CMakeFiles/cmTC_fd4e7.dir/CheckFunctionExists.c.o  -o cmTC_fd4e7 /usr/lib/x86_64-linux-gnu/libGL.so 
CMakeFiles/cmTC_fd4e7.dir/CheckFunctionExists.c.o: In function `main':
CheckFunctionExists.c:(.text+0x10): undefined reference to `glXGetProcAddressEXT'
collect2: error: ld returned 1 exit status
CMakeFiles/cmTC_fd4e7.dir/build.make:98: recipe for target 'cmTC_fd4e7' failed
make[1]: *** [cmTC_fd4e7] Error 1
make[1]: Leaving directory '/home/cs18/Graphics/hw8/build/CMakeFiles/CMakeTmp'
Makefile:126: recipe for target 'cmTC_fd4e7/fast' failed
make: *** [cmTC_fd4e7/fast] Error 2


